manifest_merge_blame_file/debug/manifest-merger-blame-debug-report.txt
1<?xml version="1.0" encoding="utf-8"?>
2<manifest xmlns:android="http://schemas.android.com/apk/res/android"
3    package="com.example.ssdi_microsoft_api"
4    android:versionCode="1"
5    android:versionName="1.0" >
6
7    <uses-sdk
8        android:minSdkVersion="16"
8-->src\main\AndroidManifest.xml
9        android:targetSdkVersion="30" />
9-->src\main\AndroidManifest.xml
10
11    <uses-permission android:name="android.permission.INTERNET" />
11-->src\main\AndroidManifest.xml:4:5-83
11-->src\main\AndroidManifest.xml:4:22-64
12    <uses-permission android:name="android.permission.ACCESS_NETWORK_STATE" />
12-->src\main\AndroidManifest.xml:5:5-95
12-->src\main\AndroidManifest.xml:5:22-76
13    <uses-permission android:name="android.permission.WAKE_LOCK" />
13-->[com.google.android.gms:play-services-measurement-api:18.0.3] AndroidManifest.xml:24:5-68
13-->[com.google.android.gms:play-services-measurement-api:18.0.3] AndroidManifest.xml:24:22-65
14    <uses-permission android:name="com.google.android.finsky.permission.BIND_GET_INSTALL_REFERRER_SERVICE" />
14-->[com.google.android.gms:play-services-measurement:18.0.3] AndroidManifest.xml:26:5-110
14-->[com.google.android.gms:play-services-measurement:18.0.3] AndroidManifest.xml:26:22-107
15
16    <application
16-->src\main\AndroidManifest.xml:6:5-20:19
17        android:name="androidx.multidex.MultiDexApplication"
18        android:allowBackup="true"
18-->src\main\AndroidManifest.xml:7:9-35
19        android:appComponentFactory="androidx.core.app.CoreComponentFactory"
19-->[androidx.core:core:1.3.1] AndroidManifest.xml:24:18-86
20        android:debuggable="true"
21        android:icon="@mipmap/ic_launcher"
21-->src\main\AndroidManifest.xml:8:9-43
22        android:label="@string/app_name"
22-->src\main\AndroidManifest.xml:9:9-41
23        android:roundIcon="@mipmap/ic_launcher_round"
23-->src\main\AndroidManifest.xml:10:9-54
24        android:supportsRtl="true"
24-->src\main\AndroidManifest.xml:11:9-35
25        android:testOnly="true"
26        android:theme="@style/Theme.SSDI_Microsoft_API" >
26-->src\main\AndroidManifest.xml:12:9-56
27        <activity android:name="com.example.ssdi_microsoft_api.MainActivity" >
27-->src\main\AndroidManifest.xml:13:9-19:20
27-->src\main\AndroidManifest.xml:13:19-47
28            <intent-filter>
28-->src\main\AndroidManifest.xml:14:13-18:29
29                <action android:name="android.intent.action.MAIN" />
29-->src\main\AndroidManifest.xml:15:17-69
29-->src\main\AndroidManifest.xml:15:25-66
30
31                <category android:name="android.intent.category.LAUNCHER" />
31-->src\main\AndroidManifest.xml:17:17-77
31-->src\main\AndroidManifest.xml:17:27-74
32            </intent-filter>
33        </activity>
34
35        <meta-data
35-->[com.firebaseui:firebase-ui-auth:6.4.0] AndroidManifest.xml:16:9-18:69
36            android:name="com.google.android.gms.version"
36-->[com.firebaseui:firebase-ui-auth:6.4.0] AndroidManifest.xml:17:13-58
37            android:value="@integer/google_play_services_version" />
37-->[com.firebaseui:firebase-ui-auth:6.4.0] AndroidManifest.xml:18:13-66
38        <meta-data
38-->[com.firebaseui:firebase-ui-auth:6.4.0] AndroidManifest.xml:19:9-21:63
39            android:name="com.facebook.sdk.ApplicationId"
39-->[com.firebaseui:firebase-ui-auth:6.4.0] AndroidManifest.xml:20:13-58
40            android:value="@string/facebook_application_id" />
40-->[com.firebaseui:firebase-ui-auth:6.4.0] AndroidManifest.xml:21:13-60
41
42        <activity
42-->[com.firebaseui:firebase-ui-auth:6.4.0] AndroidManifest.xml:23:9-27:61
43            android:name="com.firebase.ui.auth.KickoffActivity"
43-->[com.firebaseui:firebase-ui-auth:6.4.0] AndroidManifest.xml:24:13-64
44            android:exported="false"
44-->[com.firebaseui:firebase-ui-auth:6.4.0] AndroidManifest.xml:25:13-37
45            android:label=""
45-->[com.firebaseui:firebase-ui-auth:6.4.0] AndroidManifest.xml:26:13-29
46            android:theme="@style/FirebaseUI.Transparent" />
46-->[com.firebaseui:firebase-ui-auth:6.4.0] AndroidManifest.xml:27:13-58
47        <activity
47-->[com.firebaseui:firebase-ui-auth:6.4.0] AndroidManifest.xml:28:9-32:61
48            android:name="com.firebase.ui.auth.ui.idp.SingleSignInActivity"
48-->[com.firebaseui:firebase-ui-auth:6.4.0] AndroidManifest.xml:29:13-76
49            android:exported="false"
49-->[com.firebaseui:firebase-ui-auth:6.4.0] AndroidManifest.xml:30:13-37
50            android:label=""
50-->[com.firebaseui:firebase-ui-auth:6.4.0] AndroidManifest.xml:31:13-29
51            android:theme="@style/FirebaseUI.Transparent" />
51-->[com.firebaseui:firebase-ui-auth:6.4.0] AndroidManifest.xml:32:13-58
52        <activity
52-->[com.firebaseui:firebase-ui-auth:6.4.0] AndroidManifest.xml:33:9-37:61
53            android:name="com.firebase.ui.auth.ui.credentials.CredentialSaveActivity"
53-->[com.firebaseui:firebase-ui-auth:6.4.0] AndroidManifest.xml:34:13-86
54            android:exported="false"
54-->[com.firebaseui:firebase-ui-auth:6.4.0] AndroidManifest.xml:35:13-37
55            android:label=""
55-->[com.firebaseui:firebase-ui-auth:6.4.0] AndroidManifest.xml:36:13-29
56            android:theme="@style/FirebaseUI.Transparent" />
56-->[com.firebaseui:firebase-ui-auth:6.4.0] AndroidManifest.xml:37:13-58
57        <activity
57-->[com.firebaseui:firebase-ui-auth:6.4.0] AndroidManifest.xml:38:9-42:58
58            android:name="com.firebase.ui.auth.ui.email.RecoverPasswordActivity"
58-->[com.firebaseui:firebase-ui-auth:6.4.0] AndroidManifest.xml:39:13-81
59            android:exported="false"
59-->[com.firebaseui:firebase-ui-auth:6.4.0] AndroidManifest.xml:40:13-37
60            android:label="@string/fui_title_recover_password_activity"
60-->[com.firebaseui:firebase-ui-auth:6.4.0] AndroidManifest.xml:41:13-72
61            android:windowSoftInputMode="adjustResize" />
61-->[com.firebaseui:firebase-ui-auth:6.4.0] AndroidManifest.xml:42:13-55
62        <activity
62-->[com.firebaseui:firebase-ui-auth:6.4.0] AndroidManifest.xml:43:9-47:58
63            android:name="com.firebase.ui.auth.ui.email.EmailActivity"
63-->[com.firebaseui:firebase-ui-auth:6.4.0] AndroidManifest.xml:44:13-71
64            android:exported="false"
64-->[com.firebaseui:firebase-ui-auth:6.4.0] AndroidManifest.xml:45:13-37
65            android:label="@string/fui_sign_in_default"
65-->[com.firebaseui:firebase-ui-auth:6.4.0] AndroidManifest.xml:46:13-56
66            android:windowSoftInputMode="adjustResize" />
66-->[com.firebaseui:firebase-ui-auth:6.4.0] AndroidManifest.xml:47:13-55
67        <activity
67-->[com.firebaseui:firebase-ui-auth:6.4.0] AndroidManifest.xml:48:9-52:77
68            android:name="com.firebase.ui.auth.ui.phone.PhoneActivity"
68-->[com.firebaseui:firebase-ui-auth:6.4.0] AndroidManifest.xml:49:13-71
69            android:exported="false"
69-->[com.firebaseui:firebase-ui-auth:6.4.0] AndroidManifest.xml:50:13-37
70            android:label="@string/fui_sign_in_with_phone_number"
70-->[com.firebaseui:firebase-ui-auth:6.4.0] AndroidManifest.xml:51:13-66
71            android:windowSoftInputMode="adjustResize|stateAlwaysVisible" />
71-->[com.firebaseui:firebase-ui-auth:6.4.0] AndroidManifest.xml:52:13-74
72        <activity
72-->[com.firebaseui:firebase-ui-auth:6.4.0] AndroidManifest.xml:53:9-57:58
73            android:name="com.firebase.ui.auth.ui.idp.WelcomeBackIdpPrompt"
73-->[com.firebaseui:firebase-ui-auth:6.4.0] AndroidManifest.xml:54:13-76
74            android:exported="false"
74-->[com.firebaseui:firebase-ui-auth:6.4.0] AndroidManifest.xml:55:13-37
75            android:label="@string/fui_title_welcome_back_idp_prompt"
75-->[com.firebaseui:firebase-ui-auth:6.4.0] AndroidManifest.xml:56:13-70
76            android:windowSoftInputMode="adjustResize" />
76-->[com.firebaseui:firebase-ui-auth:6.4.0] AndroidManifest.xml:57:13-55
77        <activity
77-->[com.firebaseui:firebase-ui-auth:6.4.0] AndroidManifest.xml:58:9-62:58
78            android:name="com.firebase.ui.auth.ui.email.WelcomeBackPasswordPrompt"
78-->[com.firebaseui:firebase-ui-auth:6.4.0] AndroidManifest.xml:59:13-83
79            android:exported="false"
79-->[com.firebaseui:firebase-ui-auth:6.4.0] AndroidManifest.xml:60:13-37
80            android:label="@string/fui_title_welcome_back_password_prompt"
80-->[com.firebaseui:firebase-ui-auth:6.4.0] AndroidManifest.xml:61:13-75
81            android:windowSoftInputMode="adjustResize" />
81-->[com.firebaseui:firebase-ui-auth:6.4.0] AndroidManifest.xml:62:13-55
82        <activity
82-->[com.firebaseui:firebase-ui-auth:6.4.0] AndroidManifest.xml:63:9-67:58
83            android:name="com.firebase.ui.auth.ui.email.WelcomeBackEmailLinkPrompt"
83-->[com.firebaseui:firebase-ui-auth:6.4.0] AndroidManifest.xml:64:13-84
84            android:exported="false"
84-->[com.firebaseui:firebase-ui-auth:6.4.0] AndroidManifest.xml:65:13-37
85            android:label="@string/fui_title_welcome_back_password_prompt"
85-->[com.firebaseui:firebase-ui-auth:6.4.0] AndroidManifest.xml:66:13-75
86            android:windowSoftInputMode="adjustResize" />
86-->[com.firebaseui:firebase-ui-auth:6.4.0] AndroidManifest.xml:67:13-55
87        <activity
87-->[com.firebaseui:firebase-ui-auth:6.4.0] AndroidManifest.xml:68:9-73:58
88            android:name="com.firebase.ui.auth.ui.email.EmailLinkCatcherActivity"
88-->[com.firebaseui:firebase-ui-auth:6.4.0] AndroidManifest.xml:69:13-82
89            android:exported="false"
89-->[com.firebaseui:firebase-ui-auth:6.4.0] AndroidManifest.xml:70:13-37
90            android:label=""
90-->[com.firebaseui:firebase-ui-auth:6.4.0] AndroidManifest.xml:71:13-29
91            android:theme="@style/FirebaseUI.Transparent"
91-->[com.firebaseui:firebase-ui-auth:6.4.0] AndroidManifest.xml:72:13-58
92            android:windowSoftInputMode="adjustResize" />
92-->[com.firebaseui:firebase-ui-auth:6.4.0] AndroidManifest.xml:73:13-55
93        <activity
93-->[com.firebaseui:firebase-ui-auth:6.4.0] AndroidManifest.xml:74:9-78:58
94            android:name="com.firebase.ui.auth.ui.email.EmailLinkErrorRecoveryActivity"
94-->[com.firebaseui:firebase-ui-auth:6.4.0] AndroidManifest.xml:75:13-88
95            android:exported="false"
95-->[com.firebaseui:firebase-ui-auth:6.4.0] AndroidManifest.xml:76:13-37
96            android:label="@string/fui_sign_in_default"
96-->[com.firebaseui:firebase-ui-auth:6.4.0] AndroidManifest.xml:77:13-56
97            android:windowSoftInputMode="adjustResize" />
97-->[com.firebaseui:firebase-ui-auth:6.4.0] AndroidManifest.xml:78:13-55
98        <activity
98-->[com.firebaseui:firebase-ui-auth:6.4.0] AndroidManifest.xml:79:9-82:65
99            android:name="com.firebase.ui.auth.ui.idp.AuthMethodPickerActivity"
99-->[com.firebaseui:firebase-ui-auth:6.4.0] AndroidManifest.xml:80:13-80
100            android:exported="false"
100-->[com.firebaseui:firebase-ui-auth:6.4.0] AndroidManifest.xml:81:13-37
101            android:label="@string/fui_default_toolbar_title" />
101-->[com.firebaseui:firebase-ui-auth:6.4.0] AndroidManifest.xml:82:13-62
102        <activity
102-->[com.firebaseui:firebase-ui-auth:6.4.0] AndroidManifest.xml:83:9-87:48
103            android:name="com.facebook.FacebookActivity"
103-->[com.firebaseui:firebase-ui-auth:6.4.0] AndroidManifest.xml:84:13-57
104            android:configChanges="keyboard|keyboardHidden|screenLayout|screenSize|orientation"
104-->[com.firebaseui:firebase-ui-auth:6.4.0] AndroidManifest.xml:85:13-96
105            android:label="@string/app_name" />
105-->[com.firebaseui:firebase-ui-auth:6.4.0] AndroidManifest.xml:86:13-45
106        <activity
106-->[com.firebaseui:firebase-ui-auth:6.4.0] AndroidManifest.xml:88:9-100:20
107            android:name="com.facebook.CustomTabActivity"
107-->[com.firebaseui:firebase-ui-auth:6.4.0] AndroidManifest.xml:89:13-58
108            android:exported="true" >
108-->[com.firebaseui:firebase-ui-auth:6.4.0] AndroidManifest.xml:90:13-36
109            <intent-filter>
109-->[com.firebaseui:firebase-ui-auth:6.4.0] AndroidManifest.xml:92:13-99:29
110                <action android:name="android.intent.action.VIEW" />
110-->[com.firebaseui:firebase-ui-auth:6.4.0] AndroidManifest.xml:93:17-69
110-->[com.firebaseui:firebase-ui-auth:6.4.0] AndroidManifest.xml:93:25-66
111
112                <category android:name="android.intent.category.DEFAULT" />
112-->[com.firebaseui:firebase-ui-auth:6.4.0] AndroidManifest.xml:95:17-76
112-->[com.firebaseui:firebase-ui-auth:6.4.0] AndroidManifest.xml:95:27-73
113                <category android:name="android.intent.category.BROWSABLE" />
113-->[com.firebaseui:firebase-ui-auth:6.4.0] AndroidManifest.xml:96:17-78
113-->[com.firebaseui:firebase-ui-auth:6.4.0] AndroidManifest.xml:96:27-75
114
115                <data android:scheme="@string/facebook_login_protocol_scheme" />
115-->[com.firebaseui:firebase-ui-auth:6.4.0] AndroidManifest.xml:98:17-81
115-->[com.firebaseui:firebase-ui-auth:6.4.0] AndroidManifest.xml:98:23-78
116            </intent-filter>
117        </activity>
118
119        <provider
119-->[com.firebaseui:firebase-ui-auth:6.4.0] AndroidManifest.xml:102:9-106:38
120            android:name="com.firebase.ui.auth.data.client.AuthUiInitProvider"
120-->[com.firebaseui:firebase-ui-auth:6.4.0] AndroidManifest.xml:103:13-79
121            android:authorities="com.example.ssdi_microsoft_api.authuiinitprovider"
121-->[com.firebaseui:firebase-ui-auth:6.4.0] AndroidManifest.xml:104:13-70
122            android:exported="false"
122-->[com.firebaseui:firebase-ui-auth:6.4.0] AndroidManifest.xml:105:13-37
123            android:initOrder="90" />
123-->[com.firebaseui:firebase-ui-auth:6.4.0] AndroidManifest.xml:106:13-35
124
125        <service
125-->[com.google.firebase:firebase-firestore:22.1.2] AndroidManifest.xml:17:9-23:19
126            android:name="com.google.firebase.components.ComponentDiscoveryService"
126-->[com.google.firebase:firebase-firestore:22.1.2] AndroidManifest.xml:18:13-84
127            android:directBootAware="true"
127-->[com.google.firebase:firebase-common:19.5.0] AndroidManifest.xml:35:13-43
128            android:exported="false" >
128-->[com.google.firebase:firebase-firestore:22.1.2] AndroidManifest.xml:19:13-37
129            <meta-data
129-->[com.google.firebase:firebase-firestore:22.1.2] AndroidManifest.xml:20:13-22:85
130                android:name="com.google.firebase.components:com.google.firebase.firestore.FirestoreRegistrar"
130-->[com.google.firebase:firebase-firestore:22.1.2] AndroidManifest.xml:21:17-111
131                android:value="com.google.firebase.components.ComponentRegistrar" />
131-->[com.google.firebase:firebase-firestore:22.1.2] AndroidManifest.xml:22:17-82
132            <meta-data
132-->[com.google.firebase:firebase-auth:20.0.4] AndroidManifest.xml:77:13-79:85
133                android:name="com.google.firebase.components:com.google.firebase.auth.FirebaseAuthRegistrar"
133-->[com.google.firebase:firebase-auth:20.0.4] AndroidManifest.xml:78:17-109
134                android:value="com.google.firebase.components.ComponentRegistrar" />
134-->[com.google.firebase:firebase-auth:20.0.4] AndroidManifest.xml:79:17-82
135            <meta-data
135-->[com.google.android.gms:play-services-measurement-api:18.0.3] AndroidManifest.xml:30:13-32:85
136                android:name="com.google.firebase.components:com.google.firebase.analytics.connector.internal.AnalyticsConnectorRegistrar"
136-->[com.google.android.gms:play-services-measurement-api:18.0.3] AndroidManifest.xml:31:17-139
137                android:value="com.google.firebase.components.ComponentRegistrar" />
137-->[com.google.android.gms:play-services-measurement-api:18.0.3] AndroidManifest.xml:32:17-82
138            <meta-data
138-->[com.google.firebase:firebase-installations:16.3.5] AndroidManifest.xml:18:13-20:85
139                android:name="com.google.firebase.components:com.google.firebase.installations.FirebaseInstallationsRegistrar"
139-->[com.google.firebase:firebase-installations:16.3.5] AndroidManifest.xml:19:17-127
140                android:value="com.google.firebase.components.ComponentRegistrar" />
140-->[com.google.firebase:firebase-installations:16.3.5] AndroidManifest.xml:20:17-82
141            <!--
142                This registrar is not defined in the dynamic-module-support sdk itself to allow non-firebase
143                clients to use it as well, by defining this registrar in their own core/common library.
144            -->
145            <meta-data
145-->[com.google.firebase:firebase-common:19.5.0] AndroidManifest.xml:43:13-45:85
146                android:name="com.google.firebase.components:com.google.firebase.dynamicloading.DynamicLoadingRegistrar"
146-->[com.google.firebase:firebase-common:19.5.0] AndroidManifest.xml:44:17-121
147                android:value="com.google.firebase.components.ComponentRegistrar" />
147-->[com.google.firebase:firebase-common:19.5.0] AndroidManifest.xml:45:17-82
148        </service>
149
150        <activity
150-->[com.google.firebase:firebase-auth:20.0.4] AndroidManifest.xml:27:9-44:20
151            android:name="com.google.firebase.auth.internal.GenericIdpActivity"
151-->[com.google.firebase:firebase-auth:20.0.4] AndroidManifest.xml:28:13-80
152            android:excludeFromRecents="true"
152-->[com.google.firebase:firebase-auth:20.0.4] AndroidManifest.xml:29:13-46
153            android:exported="true"
153-->[com.google.firebase:firebase-auth:20.0.4] AndroidManifest.xml:30:13-36
154            android:launchMode="singleTask"
154-->[com.google.firebase:firebase-auth:20.0.4] AndroidManifest.xml:31:13-44
155            android:theme="@android:style/Theme.Translucent.NoTitleBar" >
155-->[com.google.firebase:firebase-auth:20.0.4] AndroidManifest.xml:32:13-72
156            <intent-filter>
156-->[com.google.firebase:firebase-auth:20.0.4] AndroidManifest.xml:33:13-43:29
157                <action android:name="android.intent.action.VIEW" />
157-->[com.firebaseui:firebase-ui-auth:6.4.0] AndroidManifest.xml:93:17-69
157-->[com.firebaseui:firebase-ui-auth:6.4.0] AndroidManifest.xml:93:25-66
158
159                <category android:name="android.intent.category.DEFAULT" />
159-->[com.firebaseui:firebase-ui-auth:6.4.0] AndroidManifest.xml:95:17-76
159-->[com.firebaseui:firebase-ui-auth:6.4.0] AndroidManifest.xml:95:27-73
160                <category android:name="android.intent.category.BROWSABLE" />
160-->[com.firebaseui:firebase-ui-auth:6.4.0] AndroidManifest.xml:96:17-78
160-->[com.firebaseui:firebase-ui-auth:6.4.0] AndroidManifest.xml:96:27-75
161
162                <data
162-->[com.firebaseui:firebase-ui-auth:6.4.0] AndroidManifest.xml:98:17-81
163                    android:host="firebase.auth"
164                    android:path="/"
165                    android:scheme="genericidp" />
165-->[com.firebaseui:firebase-ui-auth:6.4.0] AndroidManifest.xml:98:23-78
166            </intent-filter>
167        </activity>
168        <activity
168-->[com.google.firebase:firebase-auth:20.0.4] AndroidManifest.xml:45:9-62:20
169            android:name="com.google.firebase.auth.internal.RecaptchaActivity"
169-->[com.google.firebase:firebase-auth:20.0.4] AndroidManifest.xml:46:13-79
170            android:excludeFromRecents="true"
170-->[com.google.firebase:firebase-auth:20.0.4] AndroidManifest.xml:47:13-46
171            android:exported="true"
171-->[com.google.firebase:firebase-auth:20.0.4] AndroidManifest.xml:48:13-36
172            android:launchMode="singleTask"
172-->[com.google.firebase:firebase-auth:20.0.4] AndroidManifest.xml:49:13-44
173            android:theme="@android:style/Theme.Translucent.NoTitleBar" >
173-->[com.google.firebase:firebase-auth:20.0.4] AndroidManifest.xml:50:13-72
174            <intent-filter>
174-->[com.google.firebase:firebase-auth:20.0.4] AndroidManifest.xml:51:13-61:29
175                <action android:name="android.intent.action.VIEW" />
175-->[com.firebaseui:firebase-ui-auth:6.4.0] AndroidManifest.xml:93:17-69
175-->[com.firebaseui:firebase-ui-auth:6.4.0] AndroidManifest.xml:93:25-66
176
177                <category android:name="android.intent.category.DEFAULT" />
177-->[com.firebaseui:firebase-ui-auth:6.4.0] AndroidManifest.xml:95:17-76
177-->[com.firebaseui:firebase-ui-auth:6.4.0] AndroidManifest.xml:95:27-73
178                <category android:name="android.intent.category.BROWSABLE" />
178-->[com.firebaseui:firebase-ui-auth:6.4.0] AndroidManifest.xml:96:17-78
178-->[com.firebaseui:firebase-ui-auth:6.4.0] AndroidManifest.xml:96:27-75
179
180                <data
180-->[com.firebaseui:firebase-ui-auth:6.4.0] AndroidManifest.xml:98:17-81
181                    android:host="firebase.auth"
182                    android:path="/"
183                    android:scheme="recaptcha" />
183-->[com.firebaseui:firebase-ui-auth:6.4.0] AndroidManifest.xml:98:23-78
184            </intent-filter>
185        </activity>
186
187        <service
187-->[com.google.firebase:firebase-auth:20.0.4] AndroidManifest.xml:64:9-73:19
188            android:name="com.google.firebase.auth.api.fallback.service.FirebaseAuthFallbackService"
188-->[com.google.firebase:firebase-auth:20.0.4] AndroidManifest.xml:65:13-101
189            android:enabled="true"
189-->[com.google.firebase:firebase-auth:20.0.4] AndroidManifest.xml:66:13-35
190            android:exported="false" >
190-->[com.google.firebase:firebase-auth:20.0.4] AndroidManifest.xml:67:13-37
191            <intent-filter>
191-->[com.google.firebase:firebase-auth:20.0.4] AndroidManifest.xml:68:13-72:29
192                <action android:name="com.google.firebase.auth.api.gms.service.START" />
192-->[com.google.firebase:firebase-auth:20.0.4] AndroidManifest.xml:69:17-89
192-->[com.google.firebase:firebase-auth:20.0.4] AndroidManifest.xml:69:25-86
193
194                <category android:name="android.intent.category.DEFAULT" />
194-->[com.firebaseui:firebase-ui-auth:6.4.0] AndroidManifest.xml:95:17-76
194-->[com.firebaseui:firebase-ui-auth:6.4.0] AndroidManifest.xml:95:27-73
195            </intent-filter>
196        </service>
197
198        <provider
198-->[com.google.firebase:firebase-common:19.5.0] AndroidManifest.xml:26:9-31:39
199            android:name="com.google.firebase.provider.FirebaseInitProvider"
199-->[com.google.firebase:firebase-common:19.5.0] AndroidManifest.xml:27:13-77
200            android:authorities="com.example.ssdi_microsoft_api.firebaseinitprovider"
200-->[com.google.firebase:firebase-common:19.5.0] AndroidManifest.xml:28:13-72
201            android:directBootAware="true"
201-->[com.google.firebase:firebase-common:19.5.0] AndroidManifest.xml:29:13-43
202            android:exported="false"
202-->[com.google.firebase:firebase-common:19.5.0] AndroidManifest.xml:30:13-37
203            android:initOrder="100" />
203-->[com.google.firebase:firebase-common:19.5.0] AndroidManifest.xml:31:13-36
204
205        <activity
205-->[com.google.android.gms:play-services-auth:17.0.0] AndroidManifest.xml:23:9-27:75
206            android:name="com.google.android.gms.auth.api.signin.internal.SignInHubActivity"
206-->[com.google.android.gms:play-services-auth:17.0.0] AndroidManifest.xml:24:13-93
207            android:excludeFromRecents="true"
207-->[com.google.android.gms:play-services-auth:17.0.0] AndroidManifest.xml:25:13-46
208            android:exported="false"
208-->[com.google.android.gms:play-services-auth:17.0.0] AndroidManifest.xml:26:13-37
209            android:theme="@android:style/Theme.Translucent.NoTitleBar" />
209-->[com.google.android.gms:play-services-auth:17.0.0] AndroidManifest.xml:27:13-72
210        <!--
211            Service handling Google Sign-In user revocation. For apps that do not integrate with
212            Google Sign-In, this service will never be started.
213        -->
214        <service
214-->[com.google.android.gms:play-services-auth:17.0.0] AndroidManifest.xml:33:9-36:110
215            android:name="com.google.android.gms.auth.api.signin.RevocationBoundService"
215-->[com.google.android.gms:play-services-auth:17.0.0] AndroidManifest.xml:34:13-89
216            android:exported="true"
216-->[com.google.android.gms:play-services-auth:17.0.0] AndroidManifest.xml:35:13-36
217            android:permission="com.google.android.gms.auth.api.signin.permission.REVOCATION_NOTIFICATION" />
217-->[com.google.android.gms:play-services-auth:17.0.0] AndroidManifest.xml:36:13-107
218
219        <activity
219-->[com.google.android.gms:play-services-base:17.1.0] AndroidManifest.xml:23:9-26:75
220            android:name="com.google.android.gms.common.api.GoogleApiActivity"
220-->[com.google.android.gms:play-services-base:17.1.0] AndroidManifest.xml:24:13-79
221            android:exported="false"
221-->[com.google.android.gms:play-services-base:17.1.0] AndroidManifest.xml:25:13-37
222            android:theme="@android:style/Theme.Translucent.NoTitleBar" />
222-->[com.google.android.gms:play-services-base:17.1.0] AndroidManifest.xml:26:13-72
223
224        <receiver
224-->[com.google.android.gms:play-services-measurement:18.0.3] AndroidManifest.xml:29:9-33:20
225            android:name="com.google.android.gms.measurement.AppMeasurementReceiver"
225-->[com.google.android.gms:play-services-measurement:18.0.3] AndroidManifest.xml:30:13-85
226            android:enabled="true"
226-->[com.google.android.gms:play-services-measurement:18.0.3] AndroidManifest.xml:31:13-35
227            android:exported="false" >
227-->[com.google.android.gms:play-services-measurement:18.0.3] AndroidManifest.xml:32:13-37
228        </receiver>
229
230        <service
230-->[com.google.android.gms:play-services-measurement:18.0.3] AndroidManifest.xml:35:9-38:40
231            android:name="com.google.android.gms.measurement.AppMeasurementService"
231-->[com.google.android.gms:play-services-measurement:18.0.3] AndroidManifest.xml:36:13-84
232            android:enabled="true"
232-->[com.google.android.gms:play-services-measurement:18.0.3] AndroidManifest.xml:37:13-35
233            android:exported="false" />
233-->[com.google.android.gms:play-services-measurement:18.0.3] AndroidManifest.xml:38:13-37
234        <service
234-->[com.google.android.gms:play-services-measurement:18.0.3] AndroidManifest.xml:39:9-43:72
235            android:name="com.google.android.gms.measurement.AppMeasurementJobService"
235-->[com.google.android.gms:play-services-measurement:18.0.3] AndroidManifest.xml:40:13-87
236            android:enabled="true"
236-->[com.google.android.gms:play-services-measurement:18.0.3] AndroidManifest.xml:41:13-35
237            android:exported="false"
237-->[com.google.android.gms:play-services-measurement:18.0.3] AndroidManifest.xml:42:13-37
238            android:permission="android.permission.BIND_JOB_SERVICE" />
238-->[com.google.android.gms:play-services-measurement:18.0.3] AndroidManifest.xml:43:13-69
239
240        <provider
240-->[androidx.lifecycle:lifecycle-process:2.1.0] AndroidManifest.xml:23:9-27:43
241            android:name="androidx.lifecycle.ProcessLifecycleOwnerInitializer"
241-->[androidx.lifecycle:lifecycle-process:2.1.0] AndroidManifest.xml:24:13-79
242            android:authorities="com.example.ssdi_microsoft_api.lifecycle-process"
242-->[androidx.lifecycle:lifecycle-process:2.1.0] AndroidManifest.xml:25:13-69
243            android:exported="false"
243-->[androidx.lifecycle:lifecycle-process:2.1.0] AndroidManifest.xml:26:13-37
244            android:multiprocess="true" />
244-->[androidx.lifecycle:lifecycle-process:2.1.0] AndroidManifest.xml:27:13-40
245    </application>
246
247</manifest>